0 info it worked if it ends with ok
1 verbose cli [ '/Users/e.khasanova/.nvm/versions/node/v6.11.3/bin/node',
1 verbose cli   '/Users/e.khasanova/.nvm/versions/node/v6.11.3/bin/npm',
1 verbose cli   'run',
1 verbose cli   'build' ]
2 info using npm@3.10.10
3 info using node@v6.11.3
4 verbose run-script [ 'prebuild', 'build', 'postbuild' ]
5 info lifecycle daily-emoji-picker@1.0.6~prebuild: daily-emoji-picker@1.0.6
6 silly lifecycle daily-emoji-picker@1.0.6~prebuild: no script for prebuild, continuing
7 info lifecycle daily-emoji-picker@1.0.6~build: daily-emoji-picker@1.0.6
8 verbose lifecycle daily-emoji-picker@1.0.6~build: unsafe-perm in lifecycle true
9 verbose lifecycle daily-emoji-picker@1.0.6~build: PATH: /Users/e.khasanova/.nvm/versions/node/v6.11.3/lib/node_modules/npm/bin/node-gyp-bin:/Users/e.khasanova/develop/daily-emojiPicker/node_modules/.bin:/Users/e.khasanova/.nvm/versions/node/v6.11.3/bin:/Library/Frameworks/Python.framework/Versions/3.7/bin:/usr/local/bin:/usr/bin:/bin:/usr/sbin:/sbin:/Applications/VMware Fusion.app/Contents/Public
10 verbose lifecycle daily-emoji-picker@1.0.6~build: CWD: /Users/e.khasanova/develop/daily-emojiPicker
11 silly lifecycle daily-emoji-picker@1.0.6~build: Args: [ '-c', 'rm -rf dist && webpack --mode production' ]
12 silly lifecycle daily-emoji-picker@1.0.6~build: Returned: code: 2  signal: null
13 info lifecycle daily-emoji-picker@1.0.6~build: Failed to exec build script
14 verbose stack Error: daily-emoji-picker@1.0.6 build: `rm -rf dist && webpack --mode production`
14 verbose stack Exit status 2
14 verbose stack     at EventEmitter.<anonymous> (/Users/e.khasanova/.nvm/versions/node/v6.11.3/lib/node_modules/npm/lib/utils/lifecycle.js:255:16)
14 verbose stack     at emitTwo (events.js:106:13)
14 verbose stack     at EventEmitter.emit (events.js:191:7)
14 verbose stack     at ChildProcess.<anonymous> (/Users/e.khasanova/.nvm/versions/node/v6.11.3/lib/node_modules/npm/lib/utils/spawn.js:40:14)
14 verbose stack     at emitTwo (events.js:106:13)
14 verbose stack     at ChildProcess.emit (events.js:191:7)
14 verbose stack     at maybeClose (internal/child_process.js:920:16)
14 verbose stack     at Process.ChildProcess._handle.onexit (internal/child_process.js:230:5)
15 verbose pkgid daily-emoji-picker@1.0.6
16 verbose cwd /Users/e.khasanova/develop/daily-emojiPicker
17 error Darwin 19.5.0
18 error argv "/Users/e.khasanova/.nvm/versions/node/v6.11.3/bin/node" "/Users/e.khasanova/.nvm/versions/node/v6.11.3/bin/npm" "run" "build"
19 error node v6.11.3
20 error npm  v3.10.10
21 error code ELIFECYCLE
22 error daily-emoji-picker@1.0.6 build: `rm -rf dist && webpack --mode production`
22 error Exit status 2
23 error Failed at the daily-emoji-picker@1.0.6 build script 'rm -rf dist && webpack --mode production'.
23 error Make sure you have the latest version of node.js and npm installed.
23 error If you do, this is most likely a problem with the daily-emoji-picker package,
23 error not with npm itself.
23 error Tell the author that this fails on your system:
23 error     rm -rf dist && webpack --mode production
23 error You can get information on how to open an issue for this project with:
23 error     npm bugs daily-emoji-picker
23 error Or if that isn't available, you can get their info via:
23 error     npm owner ls daily-emoji-picker
23 error There is likely additional logging output above.
24 verbose exit [ 1, true ]
